(lp0
(ccopy_reg
_reconstructor
p1
(cpygments.token
_TokenType
p2
c__builtin__
tuple
p3
(S'Generic'
p4
S'Output'
p5
tp6
tp7
Rp8
(dp9
S'parent'
p10
g1
(g2
g3
(g4
tp11
tp12
Rp13
(dp14
g10
g1
(g2
g3
(ttp15
Rp16
(dp17
S'Number'
p18
g1
(g2
g3
(S'Literal'
p19
g18
tp20
tp21
Rp22
(dp23
S'Integer'
p24
g1
(g2
g3
(g19
g18
g24
tp25
tp26
Rp27
(dp28
g10
g22
sS'Long'
p29
g1
(g2
g3
(g19
g18
g24
g29
tp30
tp31
Rp32
(dp33
g10
g27
sS'subtypes'
p34
c__builtin__
set
p35
((lp36
tp37
Rp38
sbsg34
g35
((lp39
g32
atp40
Rp41
sbsg10
g1
(g2
g3
(g19
tp42
tp43
Rp44
(dp45
S'Scalar'
p46
g1
(g2
g3
(g19
g46
tp47
tp48
Rp49
(dp50
g10
g44
sg34
g35
((lp51
g1
(g2
g3
(g19
g46
S'Plain'
p52
tp53
tp54
Rp55
(dp56
g10
g49
sg34
g35
((lp57
tp58
Rp59
sbatp60
Rp61
sg52
g55
sbsg18
g22
sg10
g16
sS'Other'
p62
g1
(g2
g3
(g19
g62
tp63
tp64
Rp65
(dp66
g10
g44
sg34
g35
((lp67
tp68
Rp69
sbsS'Char'
p70
g1
(g2
g3
(g19
g70
tp71
tp72
Rp73
(dp74
g10
g44
sg34
g35
((lp75
tp76
Rp77
sbsS'String'
p78
g1
(g2
g3
(g19
g78
tp79
tp80
Rp81
(dp82
g70
g1
(g2
g3
(g19
g78
g70
tp83
tp84
Rp85
(dp86
g10
g81
sg34
g35
((lp87
tp88
Rp89
sbsS'Backtick'
p90
g1
(g2
g3
(g19
g78
g90
tp91
tp92
Rp93
(dp94
g10
g81
sg34
g35
((lp95
tp96
Rp97
sbsS'Heredoc'
p98
g1
(g2
g3
(g19
g78
g98
tp99
tp100
Rp101
(dp102
g10
g81
sg34
g35
((lp103
tp104
Rp105
sbsS'Symbol'
p106
g1
(g2
g3
(g19
g78
g106
tp107
tp108
Rp109
(dp110
g10
g81
sg34
g35
((lp111
tp112
Rp113
sbsS'Interpol'
p114
g1
(g2
g3
(g19
g78
g114
tp115
tp116
Rp117
(dp118
g10
g81
sg34
g35
((lp119
tp120
Rp121
sbsS'Delimiter'
p122
g1
(g2
g3
(g19
g78
g122
tp123
tp124
Rp125
(dp126
g10
g81
sg34
g35
((lp127
tp128
Rp129
sbsS'Boolean'
p130
g1
(g2
g3
(g19
g78
g130
tp131
tp132
Rp133
(dp134
g10
g81
sg34
g35
((lp135
tp136
Rp137
sbsS'Character'
p138
g1
(g2
g3
(g19
g78
g138
tp139
tp140
Rp141
(dp142
g10
g81
sg34
g35
((lp143
tp144
Rp145
sbsS'Double'
p146
g1
(g2
g3
(g19
g78
g146
tp147
tp148
Rp149
(dp150
g10
g81
sg34
g35
((lp151
tp152
Rp153
sbsS'Delimeter'
p154
g1
(g2
g3
(g19
g78
g154
tp155
tp156
Rp157
(dp158
g10
g81
sg34
g35
((lp159
tp160
Rp161
sbsS'Atom'
p162
g1
(g2
g3
(g19
g78
g162
tp163
tp164
Rp165
(dp166
g10
g81
sg34
g35
((lp167
tp168
Rp169
sbsS'Affix'
p170
g1
(g2
g3
(g19
g78
g170
tp171
tp172
Rp173
(dp174
g10
g81
sg34
g35
((lp175
tp176
Rp177
sbsS'Name'
p178
g1
(g2
g3
(g19
g78
g178
tp179
tp180
Rp181
(dp182
g10
g81
sg34
g35
((lp183
tp184
Rp185
sbsS'Regex'
p186
g1
(g2
g3
(g19
g78
g186
tp187
tp188
Rp189
(dp190
g10
g81
sg34
g35
((lp191
tp192
Rp193
sbsS'Interp'
p194
g1
(g2
g3
(g19
g78
g194
tp195
tp196
Rp197
(dp198
g10
g81
sg34
g35
((lp199
tp200
Rp201
sbsS'Escape'
p202
g1
(g2
g3
(g19
g78
g202
tp203
tp204
Rp205
(dp206
g10
g81
sg34
g35
((lp207
tp208
Rp209
sbsg34
g35
((lp210
g125
ag109
ag189
ag1
(g2
g3
(g19
g78
S'Doc'
p211
tp212
tp213
Rp214
(dp215
g10
g81
sg34
g35
((lp216
tp217
Rp218
sbag141
ag133
ag149
ag117
ag165
ag157
ag181
ag205
ag1
(g2
g3
(g19
g78
S'Single'
p219
tp220
tp221
Rp222
(dp223
g10
g81
sg34
g35
((lp224
tp225
Rp226
sbag1
(g2
g3
(g19
g78
g62
tp227
tp228
Rp229
(dp230
g10
g81
sg34
g35
((lp231
tp232
Rp233
sbag197
ag93
ag173
ag1
(g2
g3
(g19
g78
S'Moment'
p234
tp235
tp236
Rp237
(dp238
g10
g81
sg34
g35
((lp239
tp240
Rp241
sbag85
ag101
atp242
Rp243
sg219
g222
sg234
g237
sg10
g44
sg62
g229
sg211
g214
sbsg34
g35
((lp244
g81
ag73
ag65
ag1
(g2
g3
(g19
S'Date'
p245
tp246
tp247
Rp248
(dp249
g10
g44
sg34
g35
((lp250
tp251
Rp252
sbag49
ag22
atp253
Rp254
sg245
g248
sbsS'Bin'
p255
g1
(g2
g3
(g19
g18
g255
tp256
tp257
Rp258
(dp259
g10
g22
sg34
g35
((lp260
tp261
Rp262
sbsS'Radix'
p263
g1
(g2
g3
(g19
g18
g263
tp264
tp265
Rp266
(dp267
g10
g22
sg34
g35
((lp268
tp269
Rp270
sbsS'Oct'
p271
g1
(g2
g3
(g19
g18
g271
tp272
tp273
Rp274
(dp275
g10
g22
sg34
g35
((lp276
tp277
Rp278
sbsS'Dec'
p279
g1
(g2
g3
(g19
g18
g279
tp280
tp281
Rp282
(dp283
g10
g22
sg34
g35
((lp284
tp285
Rp286
sbsS'Hex'
p287
g1
(g2
g3
(g19
g18
g287
tp288
tp289
Rp290
(dp291
g10
g22
sg34
g35
((lp292
tp293
Rp294
sbsg34
g35
((lp295
g27
ag266
ag282
ag1
(g2
g3
(g19
g18
S'Decimal'
p296
tp297
tp298
Rp299
(dp300
g10
g22
sg34
g35
((lp301
tp302
Rp303
sbag258
ag1
(g2
g3
(g19
g18
S'Float'
p304
tp305
tp306
Rp307
(dp308
g10
g22
sg34
g35
((lp309
tp310
Rp311
sbag274
ag290
atp312
Rp313
sg296
g299
sg304
g307
sbsg4
g13
sS'Operator'
p314
g1
(g2
g3
(g314
tp315
tp316
Rp317
(dp318
g10
g16
sS'DBS'
p319
g1
(g2
g3
(g314
g319
tp320
tp321
Rp322
(dp323
g10
g317
sg34
g35
((lp324
tp325
Rp326
sbsg34
g35
((lp327
g322
ag1
(g2
g3
(g314
S'Word'
p328
tp329
tp330
Rp331
(dp332
g10
g317
sg34
g35
((lp333
tp334
Rp335
sbatp336
Rp337
sg328
g331
sbsg78
g81
sg178
g1
(g2
g3
(g178
tp338
tp339
Rp340
(dp341
S'Variable'
p342
g1
(g2
g3
(g178
g342
tp343
tp344
Rp345
(dp346
g10
g340
sS'Class'
p347
g1
(g2
g3
(g178
g342
g347
tp348
tp349
Rp350
(dp351
g10
g345
sg34
g35
((lp352
tp353
Rp354
sbsS'Anonymous'
p355
g1
(g2
g3
(g178
g342
g355
tp356
tp357
Rp358
(dp359
g10
g345
sg34
g35
((lp360
tp361
Rp362
sbsS'Instance'
p363
g1
(g2
g3
(g178
g342
g363
tp364
tp365
Rp366
(dp367
g10
g345
sg34
g35
((lp368
tp369
Rp370
sbsS'Global'
p371
g1
(g2
g3
(g178
g342
g371
tp372
tp373
Rp374
(dp375
g10
g345
sg34
g35
((lp376
tp377
Rp378
sbsg34
g35
((lp379
g358
ag366
ag1
(g2
g3
(g178
g342
S'Magic'
p380
tp381
tp382
Rp383
(dp384
g10
g345
sg34
g35
((lp385
tp386
Rp387
sbag374
ag350
atp388
Rp389
sg380
g383
sbsg314
g1
(g2
g3
(g178
g314
tp390
tp391
Rp392
(dp393
g10
g340
sg34
g35
((lp394
tp395
Rp396
sbsS'Decorator'
p397
g1
(g2
g3
(g178
g397
tp398
tp399
Rp400
(dp401
g10
g340
sg34
g35
((lp402
tp403
Rp404
sbsS'Entity'
p405
g1
(g2
g3
(g178
g405
tp406
tp407
Rp408
(dp409
g10
g340
sg319
g1
(g2
g3
(g178
g405
g319
tp410
tp411
Rp412
(dp413
g10
g408
sg34
g35
((lp414
tp415
Rp416
sbsg34
g35
((lp417
g412
atp418
Rp419
sbsg106
g1
(g2
g3
(g178
g106
tp420
tp421
Rp422
(dp423
g10
g340
sg34
g35
((lp424
tp425
Rp426
sbsS'Property'
p427
g1
(g2
g3
(g178
g427
tp428
tp429
Rp430
(dp431
g10
g340
sg34
g35
((lp432
tp433
Rp434
sbsS'Pseudo'
p435
g1
(g2
g3
(g178
g435
tp436
tp437
Rp438
(dp439
g10
g340
sg34
g35
((lp440
tp441
Rp442
sbsS'Type'
p443
g1
(g2
g3
(g178
g443
tp444
tp445
Rp446
(dp447
g10
g340
sg34
g35
((lp448
tp449
Rp450
sbsS'Classes'
p451
g1
(g2
g3
(g178
g451
tp452
tp453
Rp454
(dp455
g10
g340
sg34
g35
((lp456
tp457
Rp458
sbsS'Tag'
p459
g1
(g2
g3
(g178
g459
tp460
tp461
Rp462
(dp463
g10
g340
sg34
g35
((lp464
tp465
Rp466
sbsS'Constant'
p467
g1
(g2
g3
(g178
g467
tp468
tp469
Rp470
(dp471
g10
g340
sg34
g35
((lp472
tp473
Rp474
sbsS'Function'
p475
g1
(g2
g3
(g178
g475
tp476
tp477
Rp478
(dp479
g10
g340
sg34
g35
((lp480
g1
(g2
g3
(g178
g475
g380
tp481
tp482
Rp483
(dp484
g10
g478
sg34
g35
((lp485
tp486
Rp487
sbatp488
Rp489
sg380
g483
sbsS'Blubb'
p490
g1
(g2
g3
(g178
g490
tp491
tp492
Rp493
(dp494
g10
g340
sg34
g35
((lp495
tp496
Rp497
sbsS'Label'
p498
g1
(g2
g3
(g178
g498
tp499
tp500
Rp501
(dp502
g10
g340
sg34
g35
((lp503
tp504
Rp505
sbsS'Field'
p506
g1
(g2
g3
(g178
g506
tp507
tp508
Rp509
(dp510
g10
g340
sg34
g35
((lp511
tp512
Rp513
sbsS'Exception'
p514
g1
(g2
g3
(g178
g514
tp515
tp516
Rp517
(dp518
g10
g340
sg34
g35
((lp519
tp520
Rp521
sbsS'Namespace'
p522
g1
(g2
g3
(g178
g522
tp523
tp524
Rp525
(dp526
g10
g340
sg34
g35
((lp527
tp528
Rp529
sbsg34
g35
((lp530
g400
ag493
ag438
ag408
ag345
ag517
ag430
ag462
ag478
ag454
ag1
(g2
g3
(g178
g347
tp531
tp532
Rp533
(dp534
g10
g340
sg319
g1
(g2
g3
(g178
g347
g319
tp535
tp536
Rp537
(dp538
g10
g533
sg34
g35
((lp539
tp540
Rp541
sbsg34
g35
((lp542
g1
(g2
g3
(g178
g347
S'Start'
p543
tp544
tp545
Rp546
(dp547
g10
g533
sg34
g35
((lp548
tp549
Rp550
sbag537
atp551
Rp552
sg543
g546
sbag1
(g2
g3
(g178
g62
tp553
tp554
Rp555
(dp556
g10
g340
sS'Member'
p557
g1
(g2
g3
(g178
g62
g557
tp558
tp559
Rp560
(dp561
g10
g555
sg34
g35
((lp562
tp563
Rp564
sbsg34
g35
((lp565
g560
atp566
Rp567
sbag501
ag392
ag525
ag1
(g2
g3
(g178
S'Attribute'
p568
tp569
tp570
Rp571
(dp572
g10
g340
sg342
g1
(g2
g3
(g178
g568
g342
tp573
tp574
Rp575
(dp576
g10
g571
sg34
g35
((lp577
tp578
Rp579
sbsg34
g35
((lp580
g575
atp581
Rp582
sbag470
ag1
(g2
g3
(g178
S'Builtin'
p583
tp584
tp585
Rp586
(dp587
g10
g340
sg443
g1
(g2
g3
(g178
g583
g443
tp588
tp589
Rp590
(dp591
g10
g586
sg34
g35
((lp592
tp593
Rp594
sbsg34
g35
((lp595
g1
(g2
g3
(g178
g583
g435
tp596
tp597
Rp598
(dp599
g10
g586
sg34
g35
((lp600
tp601
Rp602
sbag590
atp603
Rp604
sg435
g598
sbag509
ag446
ag422
atp605
Rp606
sg10
g16
sg347
g533
sg583
g586
sg568
g571
sg62
g555
sbsS'Punctuation'
p607
g1
(g2
g3
(g607
tp608
tp609
Rp610
(dp611
g10
g16
sg34
g35
((lp612
g1
(g2
g3
(g607
S'Indicator'
p613
tp614
tp615
Rp616
(dp617
g10
g610
sg34
g35
((lp618
tp619
Rp620
sbatp621
Rp622
sg613
g616
sbsS'Comment'
p623
g1
(g2
g3
(g623
tp624
tp625
Rp626
(dp627
S'Multi'
p628
g1
(g2
g3
(g623
g628
tp629
tp630
Rp631
(dp632
g10
g626
sg34
g35
((lp633
tp634
Rp635
sbsg10
g16
sS'Special'
p636
g1
(g2
g3
(g623
g636
tp637
tp638
Rp639
(dp640
g10
g626
sg34
g35
((lp641
tp642
Rp643
sbsS'Hashbang'
p644
g1
(g2
g3
(g623
g644
tp645
tp646
Rp647
(dp648
g10
g626
sg34
g35
((lp649
tp650
Rp651
sbsS'Preproc'
p652
g1
(g2
g3
(g623
g652
tp653
tp654
Rp655
(dp656
g10
g626
sg34
g35
((lp657
tp658
Rp659
sbsg219
g1
(g2
g3
(g623
g219
tp660
tp661
Rp662
(dp663
g10
g626
sg34
g35
((lp664
tp665
Rp666
sbsS'Directive'
p667
g1
(g2
g3
(g623
g667
tp668
tp669
Rp670
(dp671
g10
g626
sg34
g35
((lp672
tp673
Rp674
sbsg211
g1
(g2
g3
(g623
g211
tp675
tp676
Rp677
(dp678
g10
g626
sg34
g35
((lp679
tp680
Rp681
sbsS'Singleline'
p682
g1
(g2
g3
(g623
g682
tp683
tp684
Rp685
(dp686
g10
g626
sg34
g35
((lp687
tp688
Rp689
sbsS'Multiline'
p690
g1
(g2
g3
(g623
g690
tp691
tp692
Rp693
(dp694
g10
g626
sg34
g35
((lp695
tp696
Rp697
sbsg34
g35
((lp698
g677
ag670
ag647
ag631
ag685
ag655
ag693
ag662
ag1
(g2
g3
(g623
S'PreprocFile'
p699
tp700
tp701
Rp702
(dp703
g10
g626
sg34
g35
((lp704
tp705
Rp706
sbag1
(g2
g3
(g623
S'SingleLine'
p707
tp708
tp709
Rp710
(dp711
g10
g626
sg34
g35
((lp712
tp713
Rp714
sbag639
atp715
Rp716
sg699
g702
sg707
g710
sbsg19
g44
sg62
g1
(g2
g3
(g62
tp717
tp718
Rp719
(dp720
g10
g16
sg34
g35
((lp721
tp722
Rp723
sbsS'Error'
p724
g1
(g2
g3
(g724
tp725
tp726
Rp727
(dp728
g10
g16
sg34
g35
((lp729
tp730
Rp731
sbsS'Token'
p732
g16
sg202
g1
(g2
g3
(g202
tp733
tp734
Rp735
(dp736
g10
g16
sg34
g35
((lp737
tp738
Rp739
sbsg34
g35
((lp740
g340
ag719
ag1
(g2
g3
(S'Keyword'
p741
tp742
tp743
Rp744
(dp745
g10
g16
sg443
g1
(g2
g3
(g741
g443
tp746
tp747
Rp748
(dp749
g10
g744
sg34
g35
((lp750
tp751
Rp752
sbsS'Control'
p753
g1
(g2
g3
(g741
g753
tp754
tp755
Rp756
(dp757
g10
g744
sg34
g35
((lp758
tp759
Rp760
sbsg467
g1
(g2
g3
(g741
g467
tp761
tp762
Rp763
(dp764
g10
g744
sg34
g35
((lp765
tp766
Rp767
sbsg522
g1
(g2
g3
(g741
g522
tp768
tp769
Rp770
(dp771
g10
g744
sg34
g35
((lp772
tp773
Rp774
sbsS'PreProc'
p775
g1
(g2
g3
(g741
g775
tp776
tp777
Rp778
(dp779
g10
g744
sg34
g35
((lp780
tp781
Rp782
sbsg435
g1
(g2
g3
(g741
g435
tp783
tp784
Rp785
(dp786
g10
g744
sg34
g35
((lp787
tp788
Rp789
sbsS'Reserved'
p790
g1
(g2
g3
(g741
g790
tp791
tp792
Rp793
(dp794
g10
g744
sg34
g35
((lp795
tp796
Rp797
sbsg34
g35
((lp798
g770
ag1
(g2
g3
(g741
g328
tp799
tp800
Rp801
(dp802
g10
g744
sg34
g35
((lp803
tp804
Rp805
sbag756
ag1
(g2
g3
(g741
S'Declaration'
p806
tp807
tp808
Rp809
(dp810
g10
g744
sg34
g35
((lp811
tp812
Rp813
sbag1
(g2
g3
(g741
g741
tp814
tp815
Rp816
(dp817
g10
g744
sg34
g35
((lp818
tp819
Rp820
sbag785
ag763
ag748
ag793
ag778
atp821
Rp822
sg741
g816
sg806
g809
sg328
g801
sbag13
ag1
(g2
g3
(S'Text'
p823
tp824
tp825
Rp826
(dp827
S'Beer'
p828
g1
(g2
g3
(g823
g828
tp829
tp830
Rp831
(dp832
g10
g826
sg34
g35
((lp833
tp834
Rp835
sbsS'Whitespace'
p836
g1
(g2
g3
(g823
g836
tp837
tp838
Rp839
(dp840
g10
g826
sg34
g35
((lp841
tp842
Rp843
sbsg10
g16
sS'Root'
p844
g1
(g2
g3
(g823
g844
tp845
tp846
Rp847
(dp848
g10
g826
sg34
g35
((lp849
tp850
Rp851
sbsg106
g1
(g2
g3
(g823
g106
tp852
tp853
Rp854
(dp855
g10
g826
sg34
g35
((lp856
tp857
Rp858
sbsg607
g1
(g2
g3
(g823
g607
tp859
tp860
Rp861
(dp862
g10
g826
sg34
g35
((lp863
tp864
Rp865
sbsg34
g35
((lp866
g847
ag854
ag861
ag839
ag831
ag1
(g2
g3
(g823
S'Rag'
p867
tp868
tp869
Rp870
(dp871
g10
g826
sg34
g35
((lp872
tp873
Rp874
sbatp875
Rp876
sg867
g870
sbag317
ag735
ag610
ag626
ag727
ag44
atp877
Rp878
sg741
g744
sg823
g826
sbsS'Deleted'
p879
g1
(g2
g3
(g4
g879
tp880
tp881
Rp882
(dp883
g10
g13
sg34
g35
((lp884
tp885
Rp886
sbsS'Subheading'
p887
g1
(g2
g3
(g4
g887
tp888
tp889
Rp890
(dp891
g10
g13
sg34
g35
((lp892
tp893
Rp894
sbsS'Heading'
p895
g1
(g2
g3
(g4
g895
tp896
tp897
Rp898
(dp899
g10
g13
sg34
g35
((lp900
tp901
Rp902
sbsS'Emph'
p903
g1
(g2
g3
(g4
g903
tp904
tp905
Rp906
(dp907
g10
g13
sg34
g35
((lp908
tp909
Rp910
sbsS'Prompt'
p911
g1
(g2
g3
(g4
g911
tp912
tp913
Rp914
(dp915
g10
g13
sg34
g35
((lp916
tp917
Rp918
sbsS'Inserted'
p919
g1
(g2
g3
(g4
g919
tp920
tp921
Rp922
(dp923
g10
g13
sg34
g35
((lp924
tp925
Rp926
sbsS'Strong'
p927
g1
(g2
g3
(g4
g927
tp928
tp929
Rp930
(dp931
g10
g13
sg34
g35
((lp932
tp933
Rp934
sbsg724
g1
(g2
g3
(g4
g724
tp935
tp936
Rp937
(dp938
g10
g13
sg34
g35
((lp939
tp940
Rp941
sbsS'Traceback'
p942
g1
(g2
g3
(g4
g942
tp943
tp944
Rp945
(dp946
g10
g13
sg34
g35
((lp947
tp948
Rp949
sbsg34
g35
((lp950
g898
ag890
ag8
ag930
ag906
ag937
ag945
ag922
ag914
ag882
atp951
Rp952
sg5
g8
sbsg34
g35
((lp953
tp954
Rp955
sbVx = r"""\u000a
p956
tp957
a(g770
V
p958
tp959
a(g914
V>>> 
p960
tp961
a(g770
Vimport
p962
tp963
a(g826
V 
p964
tp965
a(g525
Vos
p966
tp967
a(g826
V\u000a
p968
tp969
a(g914
V>>> 
p970
tp971
a(g826
g958
tp972
a(g744
Vprint
p973
tp974
a(g826
g964
tp975
a(g340
Vos
p976
tp977
a(g826
V\u000a
p978
tp979
a(g8
V<module 'os' from '/file/path.py'>\u000a
p980
tp981
a(g744
g958
tp982
a(g914
V>>> 
p983
tp984
a(g744
Vfor
p985
tp986
a(g826
g964
tp987
a(g340
Vx
p988
tp989
a(g826
g964
tp990
a(g331
Vin
p991
tp992
a(g826
g964
tp993
a(g586
Vrange
p994
tp995
a(g610
V(
p996
tp997
a(g27
V10
p998
tp999
a(g610
V)
p1000
tp1001
a(g610
V:
p1002
tp1003
a(g826
V\u000a
p1004
tp1005
a(g914
V... 
p1006
tp1007
a(g826
g958
tp1008
a(g826
V    
p1009
tp1010
a(g340
Vy
p1011
tp1012
a(g826
g964
tp1013
a(g317
V=
p1014
tp1015
a(g826
g964
tp1016
a(g340
g988
tp1017
a(g826
g964
tp1018
a(g317
V+
p1019
tp1020
a(g826
g964
tp1021
a(g27
V2
p1022
tp1023
a(g826
V\u000a
p1024
tp1025
a(g914
V... 
p1026
tp1027
a(g826
g958
tp1028
a(g826
V    
p1029
tp1030
a(g744
Vprint
p1031
tp1032
a(g610
g996
tp1033
a(g340
g988
tp1034
a(g610
g1000
tp1035
a(g826
V\u000a
p1036
tp1037
a(g914
V... 
p1038
tp1039
a(g826
g958
tp1040
a(g826
V    
p1041
tp1042
a(g744
Vif
p1043
tp1044
a(g826
g964
tp1045
a(g340
g988
tp1046
a(g826
g964
tp1047
a(g317
V>
p1048
tp1049
a(g826
g964
tp1050
a(g27
V5
p1051
tp1052
a(g610
g1002
tp1053
a(g826
V\u000a
p1054
tp1055
a(g914
V... 
p1056
tp1057
a(g826
g958
tp1058
a(g826
V        
p1059
tp1060
a(g744
Vraise
p1061
tp1062
a(g826
g964
tp1063
a(g517
VException
p1064
tp1065
a(g826
V\u000a
p1066
tp1067
a(g914
V...
p1068
tp1069
a(g826
g958
tp1070
a(g826
V\u000a
p1071
tp1072
a(g8
V0\u000a
p1073
tp1074
a(g8
V1\u000a
p1075
tp1076
a(g8
V2\u000a
p1077
tp1078
a(g8
V3\u000a
p1079
tp1080
a(g8
V4\u000a
p1081
tp1082
a(g8
V5\u000a
p1083
tp1084
a(g8
V6\u000a
p1085
tp1086
a(g945
VTraceback (most recent call last):\u000a
p1087
tp1088
a(g826
V  File 
p1089
tp1090
a(g586
V"<stdin>"
p1091
tp1092
a(g826
V, line 
p1093
tp1094
a(g22
g1051
tp1095
a(g826
V, in 
p1096
tp1097
a(g340
V<module>
p1098
tp1099
a(g826
V\u000a
p1100
tp1101
a(g937
VException
p1102
tp1103
a(g826
V\u000a
p1104
tp1105
a(g8
V>>>\u000a
p1106
tp1107
a(g744
g958
tp1108
a(g914
V>>> 
p1109
tp1110
a(g744
Vwhile
p1111
tp1112
a(g826
g964
tp1113
a(g598
VTrue
p1114
tp1115
a(g610
g1002
tp1116
a(g826
V\u000a
p1117
tp1118
a(g914
V... 
p1119
tp1120
a(g826
g958
tp1121
a(g826
V    
p1122
tp1123
a(g744
Vpass
p1124
tp1125
a(g826
V\u000a
p1126
tp1127
a(g914
g1068
tp1128
a(g826
g958
tp1129
a(g826
V\u000a
p1130
tp1131
a(g8
V^CTraceback (most recent call last):\u000a
p1132
tp1133
a(g8
V  File "<stdin>", line 1, in <module>\u000a
p1134
tp1135
a(g533
VKeyboardInterrupt\u000a
p1136
tp1137
a(g8
V\u000a
p1138
tp1139
a(g744
g958
tp1140
a(g914
V>>> 
p1141
tp1142
a(g744
Vclass
p1143
tp1144
a(g826
g964
tp1145
a(g533
VA
p1146
tp1147
a(g610
g996
tp1148
a(g517
VException
p1149
tp1150
a(g610
g1000
tp1151
a(g610
g1002
tp1152
a(g744
Vpass
p1153
tp1154
a(g826
V\u000a
p1155
tp1156
a(g914
g1068
tp1157
a(g826
g958
tp1158
a(g826
V\u000a
p1159
tp1160
a(g914
V>>> 
p1161
tp1162
a(g826
g958
tp1163
a(g744
Vclass
p1164
tp1165
a(g826
g964
tp1166
a(g533
VB
p1167
tp1168
a(g610
g996
tp1169
a(g517
VException
p1170
tp1171
a(g610
g1000
tp1172
a(g610
g1002
tp1173
a(g744
Vpass
p1174
tp1175
a(g826
V\u000a
p1176
tp1177
a(g914
g1068
tp1178
a(g826
g958
tp1179
a(g826
V\u000a
p1180
tp1181
a(g914
V>>> 
p1182
tp1183
a(g826
g958
tp1184
a(g744
Vtry
p1185
tp1186
a(g610
g1002
tp1187
a(g826
V\u000a
p1188
tp1189
a(g914
V... 
p1190
tp1191
a(g826
g958
tp1192
a(g826
V    
p1193
tp1194
a(g744
Vtry
p1195
tp1196
a(g610
g1002
tp1197
a(g826
V\u000a
p1198
tp1199
a(g914
V... 
p1200
tp1201
a(g826
g958
tp1202
a(g826
V        
p1203
tp1204
a(g744
Vraise
p1205
tp1206
a(g826
g964
tp1207
a(g340
g1146
tp1208
a(g610
g996
tp1209
a(g222
V'
p1210
tp1211
a(g222
Vfirst
p1212
tp1213
a(g222
g1210
tp1214
a(g610
g1000
tp1215
a(g826
V\u000a
p1216
tp1217
a(g914
V... 
p1218
tp1219
a(g826
g958
tp1220
a(g826
V    
p1221
tp1222
a(g744
Vfinally
p1223
tp1224
a(g610
g1002
tp1225
a(g826
V\u000a
p1226
tp1227
a(g914
V... 
p1228
tp1229
a(g826
g958
tp1230
a(g826
V        
p1231
tp1232
a(g744
Vraise
p1233
tp1234
a(g826
g964
tp1235
a(g340
g1167
tp1236
a(g610
g996
tp1237
a(g222
g1210
tp1238
a(g222
Vsecond
p1239
tp1240
a(g222
g1210
tp1241
a(g610
g1000
tp1242
a(g826
V\u000a
p1243
tp1244
a(g914
V... 
p1245
tp1246
a(g826
g958
tp1247
a(g744
Vexcept
p1248
tp1249
a(g826
g964
tp1250
a(g340
g1146
tp1251
a(g826
g964
tp1252
a(g744
Vas
p1253
tp1254
a(g826
g964
tp1255
a(g340
Vc
p1256
tp1257
a(g610
g1002
tp1258
a(g826
V\u000a
p1259
tp1260
a(g914
V... 
p1261
tp1262
a(g826
g958
tp1263
a(g826
V    
p1264
tp1265
a(g744
Vprint
p1266
tp1267
a(g610
g996
tp1268
a(g340
g1256
tp1269
a(g610
g1000
tp1270
a(g826
V\u000a
p1271
tp1272
a(g914
g1068
tp1273
a(g826
g958
tp1274
a(g826
V\u000a
p1275
tp1276
a(g945
VTraceback (most recent call last):\u000a
p1277
tp1278
a(g826
V  File 
p1279
tp1280
a(g586
V"<stdin>"
p1281
tp1282
a(g826
V, line 
p1283
tp1284
a(g22
V3
p1285
tp1286
a(g826
V, in 
p1287
tp1288
a(g340
V<module>
p1289
tp1290
a(g826
V\u000a
p1291
tp1292
a(g937
V__main__.A
p1293
tp1294
a(g826
V: 
p1295
tp1296
a(g340
Vfirst
p1297
tp1298
a(g826
V\u000a
p1299
tp1300
a(g8
V\u000a
p1301
tp1302
a(g8
VDuring handling of the above exception, another exception occurred:\u000a
p1303
tp1304
a(g8
V\u000a
p1305
tp1306
a(g945
VTraceback (most recent call last):\u000a
p1307
tp1308
a(g826
V  File 
p1309
tp1310
a(g586
V"<stdin>"
p1311
tp1312
a(g826
V, line 
p1313
tp1314
a(g22
g1051
tp1315
a(g826
V, in 
p1316
tp1317
a(g340
V<module>
p1318
tp1319
a(g826
V\u000a
p1320
tp1321
a(g937
V__main__.B
p1322
tp1323
a(g826
V: 
p1324
tp1325
a(g340
Vsecond
p1326
tp1327
a(g826
V\u000a
p1328
tp1329
a(g8
V\u000a
p1330
tp1331
a(g340
g958
tp1332
a(g914
V>>> 
p1333
tp1334
a(g340
g988
tp1335
a(g826
g964
tp1336
a(g317
g1014
tp1337
a(g826
V\u000a
p1338
tp1339
a(g945
g958
tp1340
a(g826
V  File 
p1341
tp1342
a(g586
V"<stdin>"
p1343
tp1344
a(g826
V, line 
p1345
tp1346
a(g22
V1
p1347
tp1348
a(g826
V\u000a
p1349
tp1350
a(g826
V    
p1351
tp1352
a(g340
g988
tp1353
a(g826
g964
tp1354
a(g317
g1014
tp1355
a(g826
V\u000a
p1356
tp1357
a(g826
V    
p1358
tp1359
a(g826
V   
p1360
tp1361
a(g317
V^
p1362
tp1363
a(g826
V\u000a
p1364
tp1365
a(g937
VSyntaxError
p1366
tp1367
a(g826
V: 
p1368
tp1369
a(g340
Vinvalid syntax
p1370
tp1371
a(g826
V\u000a
p1372
tp1373
a(g8
V>>>\u000a
p1374
tp1375
a(g8
V\u000a
p1376
tp1377
a(g340
g958
tp1378
a(g914
V>>> 
p1379
tp1380
a(g340
g988
tp1381
a(g826
g964
tp1382
a(g317
g1014
tp1383
a(g826
g964
tp1384
a(g27
g1285
tp1385
a(g826
V\u000a
p1386
tp1387
a(g914
V>>> 
p1388
tp1389
a(g826
g958
tp1390
a(g744
Vwith
p1391
tp1392
a(g826
g964
tp1393
a(g27
g1051
tp1394
a(g826
g964
tp1395
a(g744
Vas
p1396
tp1397
a(g826
g964
tp1398
a(g340
g1011
tp1399
a(g610
g1002
tp1400
a(g826
V\u000a
p1401
tp1402
a(g914
V... 
p1403
tp1404
a(g826
g958
tp1405
a(g826
V   
p1406
tp1407
a(g744
Vprint
p1408
tp1409
a(g610
g996
tp1410
a(g340
g988
tp1411
a(g826
g964
tp1412
a(g317
g1019
tp1413
a(g826
g964
tp1414
a(g340
g1011
tp1415
a(g610
g1000
tp1416
a(g826
V\u000a
p1417
tp1418
a(g914
g1068
tp1419
a(g826
g958
tp1420
a(g826
V\u000a
p1421
tp1422
a(g8
V8\u000a
p1423
tp1424
a(g8
V\u000a
p1425
tp1426
a(g8
V# TODO\u000a
p1427
tp1428
a(g8
V#>>> raise ValueError('multi\u005cn    line\u005cndetail')\u000a
p1429
tp1430
a(g8
V#Traceback (most recent call last):\u000a
p1431
tp1432
a(g8
V#........\u000a
p1433
tp1434
a(g8
V#ValueError: multi\u000a
p1435
tp1436
a(g8
V#    line\u000a
p1437
tp1438
a(g8
V#detail\u000a
p1439
tp1440
a(g8
V\u000a
p1441
tp1442
a(g744
g958
tp1443
a(g914
V>>> 
p1444
tp1445
a(g744
Vraise
p1446
tp1447
a(g826
g964
tp1448
a(g517
VValueError
p1449
tp1450
a(g610
g996
tp1451
a(g222
g1210
tp1452
a(g222
Vmulti
p1453
tp1454
a(g205
V\u005cn
p1455
tp1456
a(g222
V    line
p1457
tp1458
a(g205
V\u005cn
p1459
tp1460
a(g222
Vdetail
p1461
tp1462
a(g222
g1210
tp1463
a(g610
g1000
tp1464
a(g826
V\u000a
p1465
tp1466
a(g945
VTraceback (most recent call last):\u000a
p1467
tp1468
a(g937
V .123\u000aValueError
p1469
tp1470
a(g826
V: 
p1471
tp1472
a(g340
Vmulti
p1473
tp1474
a(g826
V\u000a
p1475
tp1476
a(g8
V    line\u000a
p1477
tp1478
a(g8
Vdetail\u000a
p1479
tp1480
a(g8
V\u000a
p1481
tp1482
a(g744
g958
tp1483
a(g914
V>>> 
p1484
tp1485
a(g744
Vraise
p1486
tp1487
a(g826
g964
tp1488
a(g517
VValueError
p1489
tp1490
a(g610
g996
tp1491
a(g222
g1210
tp1492
a(g222
Vmulti
p1493
tp1494
a(g205
V\u005cn
p1495
tp1496
a(g222
V    line
p1497
tp1498
a(g205
V\u005cn
p1499
tp1500
a(g222
Vdetail
p1501
tp1502
a(g222
g1210
tp1503
a(g610
g1000
tp1504
a(g826
V\u000a
p1505
tp1506
a(g945
VTraceback (most recent call last):\u000a
p1507
tp1508
a(g826
V    
p1509
tp1510
a(g317
V.
p1511
tp1512
a(g317
g1511
tp1513
a(g317
g1511
tp1514
a(g826
V\u000a
p1515
tp1516
a(g937
VValueError
p1517
tp1518
a(g826
V: 
p1519
tp1520
a(g340
Vmulti
p1521
tp1522
a(g826
V\u000a
p1523
tp1524
a(g8
V    line\u000a
p1525
tp1526
a(g8
Vdetail\u000a
p1527
tp1528
a(g8
V\u000a
p1529
tp1530
a(g744
g958
tp1531
a(g914
V>>> 
p1532
tp1533
a(g744
Vraise
p1534
tp1535
a(g826
g964
tp1536
a(g517
VValueError
p1537
tp1538
a(g610
g996
tp1539
a(g222
g1210
tp1540
a(g222
Vmulti
p1541
tp1542
a(g205
V\u005cn
p1543
tp1544
a(g222
V    line
p1545
tp1546
a(g205
V\u005cn
p1547
tp1548
a(g222
Vdetail
p1549
tp1550
a(g222
g1210
tp1551
a(g610
g1000
tp1552
a(g826
V\u000a
p1553
tp1554
a(g945
VTraceback (most recent call last):\u000a
p1555
tp1556
a(g826
V    
p1557
tp1558
a(g317
g1511
tp1559
a(g317
g1511
tp1560
a(g317
g1511
tp1561
a(g317
g1511
tp1562
a(g826
V\u000a
p1563
tp1564
a(g937
VValueError
p1565
tp1566
a(g826
V: 
p1567
tp1568
a(g340
Vmulti
p1569
tp1570
a(g826
V\u000a
p1571
tp1572
a(g8
V    line\u000a
p1573
tp1574
a(g8
Vdetail\u000a
p1575
tp1576
a(g8
V\u000a
p1577
tp1578
a(g744
g958
tp1579
a(g914
V>>> 
p1580
tp1581
a(g744
Vraise
p1582
tp1583
a(g826
g964
tp1584
a(g517
VValueError
p1585
tp1586
a(g610
g996
tp1587
a(g222
g1210
tp1588
a(g222
Vmulti
p1589
tp1590
a(g205
V\u005cn
p1591
tp1592
a(g222
V    line
p1593
tp1594
a(g205
V\u005cn
p1595
tp1596
a(g222
Vdetail
p1597
tp1598
a(g222
g1210
tp1599
a(g610
g1000
tp1600
a(g826
V\u000a
p1601
tp1602
a(g945
VTraceback (most recent call last):\u000a
p1603
tp1604
a(g826
V    
p1605
tp1606
a(g826
g964
tp1607
a(g317
g1511
tp1608
a(g317
g1511
tp1609
a(g317
g1511
tp1610
a(g317
g1511
tp1611
a(g826
V\u000a
p1612
tp1613
a(g937
VValueError
p1614
tp1615
a(g826
V: 
p1616
tp1617
a(g340
Vmulti
p1618
tp1619
a(g826
V\u000a
p1620
tp1621
a(g8
V    line\u000a
p1622
tp1623
a(g8
Vdetail\u000a
p1624
tp1625
a(g8
V\u000a
p1626
tp1627
a(g744
g958
tp1628
a(g914
V>>> 
p1629
tp1630
a(g744
Vraise
p1631
tp1632
a(g826
g964
tp1633
a(g517
VValueError
p1634
tp1635
a(g610
g996
tp1636
a(g222
g1210
tp1637
a(g222
Vmulti
p1638
tp1639
a(g205
V\u005cn
p1640
tp1641
a(g222
V    line
p1642
tp1643
a(g205
V\u005cn
p1644
tp1645
a(g222
Vdetail
p1646
tp1647
a(g222
g1210
tp1648
a(g610
g1000
tp1649
a(g826
V\u000a
p1650
tp1651
a(g945
VTraceback (most recent call last):\u000a
p1652
tp1653
a(g826
V  
p1654
tp1655
a(g626
V...
p1656
tp1657
a(g826
V\u000a
p1658
tp1659
a(g937
VValueError
p1660
tp1661
a(g826
V: 
p1662
tp1663
a(g340
Vmulti
p1664
tp1665
a(g826
V\u000a
p1666
tp1667
a(g8
V    line\u000a
p1668
tp1669
a(g8
Vdetail\u000a
p1670
tp1671
a(g8
V\u000a
p1672
tp1673
a(g744
g958
tp1674
a(g914
V>>> 
p1675
tp1676
a(g744
Vraise
p1677
tp1678
a(g826
g964
tp1679
a(g517
VException
p1680
tp1681
a(g826
V\u000a
p1682
tp1683
a(g945
VTraceback (most recent call last):\u000a
p1684
tp1685
a(g826
V  File 
p1686
tp1687
a(g586
V"<stdin>"
p1688
tp1689
a(g826
V, line 
p1690
tp1691
a(g22
g1347
tp1692
a(g826
V, in 
p1693
tp1694
a(g340
V<module>
p1695
tp1696
a(g826
V\u000a
p1697
tp1698
a(g937
VException
p1699
tp1700
a(g826
V\u000a
p1701
tp1702
a(g770
g958
tp1703
a(g914
V>>> 
p1704
tp1705
a(g770
Vimport
p1706
tp1707
a(g826
g964
tp1708
a(g525
Vsomemodule
p1709
tp1710
a(g826
V\u000a
p1711
tp1712
a(g914
V>>> 
p1713
tp1714
a(g826
g958
tp1715
a(g340
Vsomemodule
p1716
tp1717
a(g317
g1511
tp1718
a(g340
Vblah
p1719
tp1720
a(g610
g996
tp1721
a(g610
g1000
tp1722
a(g826
V\u000a
p1723
tp1724
a(g945
VTraceback (most recent call last):\u000a
p1725
tp1726
a(g826
V  File 
p1727
tp1728
a(g586
V"<stdin>"
p1729
tp1730
a(g826
V, line 
p1731
tp1732
a(g22
g1347
tp1733
a(g826
V, in 
p1734
tp1735
a(g340
V<module>
p1736
tp1737
a(g826
V\u000a
p1738
tp1739
a(g826
V  File 
p1740
tp1741
a(g586
V"/path/to/stuff/somemodule/blah.py"
p1742
tp1743
a(g826
V, line 
p1744
tp1745
a(g22
V658
p1746
tp1747
a(g826
V, in 
p1748
tp1749
a(g340
Vblah
p1750
tp1751
a(g826
V\u000a
p1752
tp1753
a(g826
V    
p1754
tp1755
a(g744
Vraise
p1756
tp1757
a(g826
g964
tp1758
a(g517
VException
p1759
tp1760
a(g610
g996
tp1761
a(g222
g1210
tp1762
a(g222
VHi.
p1763
tp1764
a(g222
g1210
tp1765
a(g610
g1000
tp1766
a(g826
V\u000a
p1767
tp1768
a(g937
VException
p1769
tp1770
a(g826
V: 
p1771
tp1772
a(g340
VHi.
p1773
tp1774
a(g826
V\u000a
p1775
tp1776
a.